# JRE version: OpenJDK Runtime Environment Temurin-17.0.10+7 (17.0.10+7) (build 17.0.10+7)
# Java VM: OpenJDK 64-Bit Server VM Temurin-17.0.10+7 (17.0.10+7, mixed mode, emulated-client, tiered, compressed oops, compressed class ptrs, g1 gc, windows-amd64)
GC Precious Log:
 CPUs: 4 total, 4 available
 Memory: 3514M
 Large Page Support: Disabled
 NUMA Support: Disabled
 Compressed Oops: Enabled (32-bit)
 Heap Region Size: 1M
 Heap Min Capacity: 8M
 Heap Initial Capacity: 56M
 Heap Max Capacity: 1G
 Pre-touch: Disabled
 Parallel Workers: 4
 Concurrent Workers: 1
 Concurrent Refinement Workers: 4
 Periodic GC: Disabled
Heap:
 garbage-first heap   total 73728K, used 37792K [0x00000000c0000000, 0x0000000100000000)
  region size 1024K, 7 young (7168K), 2 survivors (2048K)
 Metaspace       used 49316K, committed 49792K, reserved 1114112K
  class space    used 6397K, committed 6592K, reserved 1048576K
GC Heap History (20 events):
Event: 86.878 GC heap before
{Heap before GC invocations=10 (full 0):
 garbage-first heap   total 57344K, used 41670K [0x00000000c0000000, 0x0000000100000000)
  region size 1024K, 20 young (20480K), 2 survivors (2048K)
 Metaspace       used 30258K, committed 30656K, reserved 1114112K
  class space    used 3804K, committed 3968K, reserved 1048576K
}
Event: 86.902 GC heap after
{Heap after GC invocations=11 (full 0):
 garbage-first heap   total 57344K, used 24527K [0x00000000c0000000, 0x0000000100000000)
  region size 1024K, 3 young (3072K), 3 survivors (3072K)
 Metaspace       used 30258K, committed 30656K, reserved 1114112K
  class space    used 3804K, committed 3968K, reserved 1048576K
}
Event: 94.644 GC heap before
{Heap before GC invocations=11 (full 0):
 garbage-first heap   total 57344K, used 41935K [0x00000000c0000000, 0x0000000100000000)
  region size 1024K, 21 young (21504K), 3 survivors (3072K)
 Metaspace       used 32837K, committed 33216K, reserved 1114112K
  class space    used 4174K, committed 4352K, reserved 1048576K
}
Event: 94.660 GC heap after
{Heap after GC invocations=12 (full 0):
 garbage-first heap   total 57344K, used 26319K [0x00000000c0000000, 0x0000000100000000)
  region size 1024K, 3 young (3072K), 3 survivors (3072K)
 Metaspace       used 32837K, committed 33216K, reserved 1114112K
  class space    used 4174K, committed 4352K, reserved 1048576K
}
Event: 109.857 GC heap before
{Heap before GC invocations=12 (full 0):
 garbage-first heap   total 57344K, used 41679K [0x00000000c0000000, 0x0000000100000000)
  region size 1024K, 19 young (19456K), 3 survivors (3072K)
 Metaspace       used 35718K, committed 36096K, reserved 1114112K
  class space    used 4596K, committed 4800K, reserved 1048576K
}
Event: 109.875 GC heap after
{Heap after GC invocations=13 (full 0):
 garbage-first heap   total 57344K, used 27971K [0x00000000c0000000, 0x0000000100000000)
  region size 1024K, 2 young (2048K), 2 survivors (2048K)
 Metaspace       used 35718K, committed 36096K, reserved 1114112K
  class space    used 4596K, committed 4800K, reserved 1048576K
}
Event: 115.623 GC heap before
{Heap before GC invocations=14 (full 0):
 garbage-first heap   total 57344K, used 44355K [0x00000000c0000000, 0x0000000100000000)
  region size 1024K, 18 young (18432K), 2 survivors (2048K)
 Metaspace       used 38161K, committed 38528K, reserved 1114112K
  class space    used 4989K, committed 5184K, reserved 1048576K
}
Event: 115.632 GC heap after
{Heap after GC invocations=15 (full 0):
 garbage-first heap   total 57344K, used 29438K [0x00000000c0000000, 0x0000000100000000)
  region size 1024K, 3 young (3072K), 3 survivors (3072K)
 Metaspace       used 38161K, committed 38528K, reserved 1114112K
  class space    used 4989K, committed 5184K, reserved 1048576K
}
Event: 119.674 GC heap before
{Heap before GC invocations=15 (full 0):
 garbage-first heap   total 57344K, used 44798K [0x00000000c0000000, 0x0000000100000000)
  region size 1024K, 18 young (18432K), 3 survivors (3072K)
 Metaspace       used 40925K, committed 41344K, reserved 1114112K
  class space    used 5443K, committed 5632K, reserved 1048576K
}
Event: 119.685 GC heap after
{Heap after GC invocations=16 (full 0):
 garbage-first heap   total 57344K, used 30261K [0x00000000c0000000, 0x0000000100000000)
  region size 1024K, 3 young (3072K), 3 survivors (3072K)
 Metaspace       used 40925K, committed 41344K, reserved 1114112K
  class space    used 5443K, committed 5632K, reserved 1048576K
}
Event: 119.887 GC heap before
{Heap before GC invocations=17 (full 0):
 garbage-first heap   total 58368K, used 31285K [0x00000000c0000000, 0x0000000100000000)
  region size 1024K, 5 young (5120K), 3 survivors (3072K)
 Metaspace       used 41568K, committed 41984K, reserved 1114112K
  class space    used 5438K, committed 5632K, reserved 1048576K
}
Event: 119.895 GC heap after
{Heap after GC invocations=18 (full 0):
 garbage-first heap   total 58368K, used 30085K [0x00000000c0000000, 0x0000000100000000)
  region size 1024K, 1 young (1024K), 1 survivors (1024K)
 Metaspace       used 41568K, committed 41984K, reserved 1114112K
  class space    used 5438K, committed 5632K, reserved 1048576K
}
Event: 121.008 GC heap before
{Heap before GC invocations=19 (full 0):
 garbage-first heap   total 58368K, used 44421K [0x00000000c0000000, 0x0000000100000000)
  region size 1024K, 16 young (16384K), 1 survivors (1024K)
 Metaspace       used 43234K, committed 43648K, reserved 1114112K
  class space    used 5615K, committed 5824K, reserved 1048576K
}
Event: 121.017 GC heap after
{Heap after GC invocations=20 (full 0):
 garbage-first heap   total 58368K, used 32241K [0x00000000c0000000, 0x0000000100000000)
  region size 1024K, 3 young (3072K), 3 survivors (3072K)
 Metaspace       used 43234K, committed 43648K, reserved 1114112K
  class space    used 5615K, committed 5824K, reserved 1048576K
}
Event: 123.187 GC heap before
{Heap before GC invocations=21 (full 0):
 garbage-first heap   total 61440K, used 49649K [0x00000000c0000000, 0x0000000100000000)
  region size 1024K, 17 young (17408K), 3 survivors (3072K)
 Metaspace       used 44094K, committed 44544K, reserved 1114112K
  class space    used 5738K, committed 5952K, reserved 1048576K
}
Event: 123.217 GC heap after
{Heap after GC invocations=22 (full 0):
 garbage-first heap   total 61440K, used 33515K [0x00000000c0000000, 0x0000000100000000)
  region size 1024K, 2 young (2048K), 2 survivors (2048K)
 Metaspace       used 44094K, committed 44544K, reserved 1114112K
  class space    used 5738K, committed 5952K, reserved 1048576K
}
Event: 123.233 GC heap before
{Heap before GC invocations=22 (full 0):
 garbage-first heap   total 61440K, used 33515K [0x00000000c0000000, 0x0000000100000000)
  region size 1024K, 3 young (3072K), 2 survivors (2048K)
 Metaspace       used 44141K, committed 44544K, reserved 1114112K
  class space    used 5746K, committed 5952K, reserved 1048576K
}
Event: 123.238 GC heap after
{Heap after GC invocations=23 (full 0):
 garbage-first heap   total 61440K, used 33450K [0x00000000c0000000, 0x0000000100000000)
  region size 1024K, 1 young (1024K), 1 survivors (1024K)
 Metaspace       used 44141K, committed 44544K, reserved 1114112K
  class space    used 5746K, committed 5952K, reserved 1048576K
}
Event: 128.920 GC heap before
{Heap before GC invocations=23 (full 0):
 garbage-first heap   total 61440K, used 48810K [0x00000000c0000000, 0x0000000100000000)
  region size 1024K, 16 young (16384K), 1 survivors (1024K)
 Metaspace       used 49006K, committed 49408K, reserved 1114112K
  class space    used 6352K, committed 6528K, reserved 1048576K
}
Event: 128.926 GC heap after
{Heap after GC invocations=24 (full 0):
 garbage-first heap   total 73728K, used 34720K [0x00000000c0000000, 0x0000000100000000)
  region size 1024K, 2 young (2048K), 2 survivors (2048K)
 Metaspace       used 49006K, committed 49408K, reserved 1114112K
  class space    used 6352K, committed 6528K, reserved 1048576K
}

