# JRE version: OpenJDK Runtime Environment Temurin-17.0.10+7 (17.0.10+7) (build 17.0.10+7)
# Java VM: OpenJDK 64-Bit Server VM Temurin-17.0.10+7 (17.0.10+7, mixed mode, emulated-client, tiered, compressed oops, compressed class ptrs, g1 gc, windows-amd64)
GC Precious Log:
 CPUs: 4 total, 4 available
 Memory: 3514M
 Large Page Support: Disabled
 NUMA Support: Disabled
 Compressed Oops: Enabled (32-bit)
 Heap Region Size: 1M
 Heap Min Capacity: 8M
 Heap Initial Capacity: 56M
 Heap Max Capacity: 1G
 Pre-touch: Disabled
 Parallel Workers: 4
 Concurrent Workers: 1
 Concurrent Refinement Workers: 4
 Periodic GC: Disabled
Heap:
 garbage-first heap   total 57344K, used 30007K [0x00000000c0000000, 0x0000000100000000)
  region size 1024K, 15 young (15360K), 1 survivors (1024K)
 Metaspace       used 14344K, committed 14528K, reserved 1114112K
  class space    used 1799K, committed 1920K, reserved 1048576K
GC Heap History (6 events):
Event: 3.061 GC heap before
{Heap before GC invocations=0 (full 0):
 garbage-first heap   total 57344K, used 16384K [0x00000000c0000000, 0x0000000100000000)
  region size 1024K, 13 young (13312K), 0 survivors (0K)
 Metaspace       used 5778K, committed 5888K, reserved 1114112K
  class space    used 556K, committed 640K, reserved 1048576K
}
Event: 3.073 GC heap after
{Heap after GC invocations=1 (full 0):
 garbage-first heap   total 57344K, used 12416K [0x00000000c0000000, 0x0000000100000000)
  region size 1024K, 2 young (2048K), 2 survivors (2048K)
 Metaspace       used 5778K, committed 5888K, reserved 1114112K
  class space    used 556K, committed 640K, reserved 1048576K
}
Event: 4.157 GC heap before
{Heap before GC invocations=1 (full 0):
 garbage-first heap   total 57344K, used 23680K [0x00000000c0000000, 0x0000000100000000)
  region size 1024K, 11 young (11264K), 2 survivors (2048K)
 Metaspace       used 8018K, committed 8128K, reserved 1114112K
  class space    used 888K, committed 960K, reserved 1048576K
}
Event: 4.164 GC heap after
{Heap after GC invocations=2 (full 0):
 garbage-first heap   total 57344K, used 15740K [0x00000000c0000000, 0x0000000100000000)
  region size 1024K, 2 young (2048K), 2 survivors (2048K)
 Metaspace       used 8018K, committed 8128K, reserved 1114112K
  class space    used 888K, committed 960K, reserved 1048576K
}
Event: 4.929 GC heap before
{Heap before GC invocations=2 (full 0):
 garbage-first heap   total 57344K, used 27004K [0x00000000c0000000, 0x0000000100000000)
  region size 1024K, 13 young (13312K), 2 survivors (2048K)
 Metaspace       used 11412K, committed 11648K, reserved 1114112K
  class space    used 1374K, committed 1472K, reserved 1048576K
}
Event: 4.935 GC heap after
{Heap after GC invocations=3 (full 0):
 garbage-first heap   total 57344K, used 16695K [0x00000000c0000000, 0x0000000100000000)
  region size 1024K, 1 young (1024K), 1 survivors (1024K)
 Metaspace       used 11412K, committed 11648K, reserved 1114112K
  class space    used 1374K, committed 1472K, reserved 1048576K
}

